<?xml version="1.0" encoding="UTF-8"?>
<robot generator="Robot 5.0.1 (Python 3.10.5 on win32)" generated="20220823 20:29:40.206" rpa="false" schemaversion="3">
<suite id="s1" name="Testes" source="C:\Projeto_pessoal_Robot\Robot-Framework-api\Testes.robot">
<kw name="Conectar a minha API" library="Resources" type="SETUP">
<kw name="Create Session" library="RequestsLibrary">
<arg>apipets</arg>
<arg>${URL_API}</arg>
<doc>Create Session: create a HTTP session to a server</doc>
<msg timestamp="20220823 20:29:40.376" level="INFO">Creating Session using : alias=apipets, url=https://petstore.swagger.io/v2/, headers={},                     cookies={}, auth=None, timeout=None, proxies=None, verify=False,                     debug=0 </msg>
<status status="PASS" starttime="20220823 20:29:40.375" endtime="20220823 20:29:40.376"/>
</kw>
<status status="PASS" starttime="20220823 20:29:40.375" endtime="20220823 20:29:40.376"/>
</kw>
<test id="s1-t1" name="Adicionar um novo Pet" line="8">
<kw name="Incluir um Pet" library="Resources">
<kw name="Create Dictionary" library="BuiltIn">
<var>${HEADERS}</var>
<arg>content-type=application/json</arg>
<doc>Creates and returns a dictionary based on the given ``items``.</doc>
<msg timestamp="20220823 20:29:40.377" level="INFO">${HEADERS} = {'content-type': 'application/json'}</msg>
<status status="PASS" starttime="20220823 20:29:40.377" endtime="20220823 20:29:40.377"/>
</kw>
<kw name="POST On Session" library="RequestsLibrary">
<var>${RESPOSTA}</var>
<arg>apipets</arg>
<arg>${URL_API}pet</arg>
<arg>data={"id": 6667,"category": {"id": 6667,"name": "Dog"},"name": "Aishaa","photoUrls": ["string"],"tags": [{"id": 0,"name": "sef"}],"status": "sold"}</arg>
<arg>headers=${HEADERS}</arg>
<doc>Sends a POST request on a previously created HTTP Session.</doc>
<msg timestamp="20220823 20:29:40.997" level="INFO">POST Request : url=https://petstore.swagger.io/v2/pet 
 path_url=/v2/pet 
 headers={'User-Agent': 'python-requests/2.28.1', 'Accept-Encoding': 'gzip, deflate', 'Accept': '*/*', 'Connection': 'keep-alive', 'content-type': 'application/json', 'Content-Length': '143'} 
 body={"id": 6667,"category": {"id": 6667,"name": "Dog"},"name": "Aishaa","photoUrls": ["string"],"tags": [{"id": 0,"name": "sef"}],"status": "sold"} 
 </msg>
<msg timestamp="20220823 20:29:40.997" level="INFO">POST Response : url=https://petstore.swagger.io/v2/pet 
 status=200, reason=OK 
 headers={'Date': 'Tue, 23 Aug 2022 23:29:40 GMT', 'Content-Type': 'application/json', 'Transfer-Encoding': 'chunked', 'Connection': 'keep-alive', 'Access-Control-Allow-Origin': '*', 'Access-Control-Allow-Methods': 'GET, POST, DELETE, PUT', 'Access-Control-Allow-Headers': 'Content-Type, api_key, Authorization', 'Server': 'Jetty(9.2.9.v20150224)'} 
 body={"id":6667,"category":{"id":6667,"name":"Dog"},"name":"Aishaa","photoUrls":["string"],"tags":[{"id":0,"name":"sef"}],"status":"sold"} 
 </msg>
<msg timestamp="20220823 20:29:40.997" level="INFO">C:\Users\paula.bastos\AppData\Local\Programs\Python\Python310\lib\site-packages\urllib3\connectionpool.py:1045: InsecureRequestWarning: Unverified HTTPS request is being made to host 'petstore.swagger.io'. Adding certificate verification is strongly advised. See: https://urllib3.readthedocs.io/en/1.26.x/advanced-usage.html#ssl-warnings
  warnings.warn(</msg>
<msg timestamp="20220823 20:29:40.999" level="INFO">${RESPOSTA} = &lt;Response [200]&gt;</msg>
<status status="PASS" starttime="20220823 20:29:40.377" endtime="20220823 20:29:40.999"/>
</kw>
<kw name="Log" library="BuiltIn">
<arg>${RESPOSTA.status_code}</arg>
<doc>Logs the given message with the given level.</doc>
<msg timestamp="20220823 20:29:41.001" level="INFO">200</msg>
<status status="PASS" starttime="20220823 20:29:40.999" endtime="20220823 20:29:41.001"/>
</kw>
<kw name="Set Test Variable" library="BuiltIn">
<arg>${RESPOSTA}</arg>
<doc>Makes a variable available everywhere within the scope of the current test.</doc>
<msg timestamp="20220823 20:29:41.002" level="INFO">${RESPOSTA} = &lt;Response [200]&gt;</msg>
<status status="PASS" starttime="20220823 20:29:41.001" endtime="20220823 20:29:41.002"/>
</kw>
<status status="PASS" starttime="20220823 20:29:40.377" endtime="20220823 20:29:41.002"/>
</kw>
<status status="PASS" starttime="20220823 20:29:40.376" endtime="20220823 20:29:41.003"/>
</test>
<test id="s1-t2" name="Buscar lista de Pets" line="10">
<kw name="Buscar Pet por ID" library="Resources">
<kw name="GET On Session" library="RequestsLibrary">
<var>${RESPOSTA}</var>
<arg>apipets</arg>
<arg>${URL_API}pet/6667</arg>
<doc>Sends a GET request on a previously created HTTP Session.</doc>
<msg timestamp="20220823 20:29:41.144" level="INFO">GET Request : url=https://petstore.swagger.io/v2/pet/6667 
 path_url=/v2/pet/6667 
 headers={'User-Agent': 'python-requests/2.28.1', 'Accept-Encoding': 'gzip, deflate', 'Accept': '*/*', 'Connection': 'keep-alive'} 
 body=None 
 </msg>
<msg timestamp="20220823 20:29:41.144" level="INFO">GET Response : url=https://petstore.swagger.io/v2/pet/6667 
 status=200, reason=OK 
 headers={'Date': 'Tue, 23 Aug 2022 23:29:41 GMT', 'Content-Type': 'application/json', 'Transfer-Encoding': 'chunked', 'Connection': 'keep-alive', 'Access-Control-Allow-Origin': '*', 'Access-Control-Allow-Methods': 'GET, POST, DELETE, PUT', 'Access-Control-Allow-Headers': 'Content-Type, api_key, Authorization', 'Server': 'Jetty(9.2.9.v20150224)'} 
 body={"id":6667,"category":{"id":6667,"name":"Dog"},"name":"Aishaa","photoUrls":["string"],"tags":[{"id":0,"name":"sef"}],"status":"sold"} 
 </msg>
<msg timestamp="20220823 20:29:41.144" level="INFO">C:\Users\paula.bastos\AppData\Local\Programs\Python\Python310\lib\site-packages\urllib3\connectionpool.py:1045: InsecureRequestWarning: Unverified HTTPS request is being made to host 'petstore.swagger.io'. Adding certificate verification is strongly advised. See: https://urllib3.readthedocs.io/en/1.26.x/advanced-usage.html#ssl-warnings
  warnings.warn(</msg>
<msg timestamp="20220823 20:29:41.145" level="INFO">${RESPOSTA} = &lt;Response [200]&gt;</msg>
<status status="PASS" starttime="20220823 20:29:41.006" endtime="20220823 20:29:41.145"/>
</kw>
<kw name="Log" library="BuiltIn">
<arg>${RESPOSTA.status_code}</arg>
<doc>Logs the given message with the given level.</doc>
<msg timestamp="20220823 20:29:41.147" level="INFO">200</msg>
<status status="PASS" starttime="20220823 20:29:41.146" endtime="20220823 20:29:41.147"/>
</kw>
<kw name="Set Test Variable" library="BuiltIn">
<arg>${RESPOSTA}</arg>
<doc>Makes a variable available everywhere within the scope of the current test.</doc>
<msg timestamp="20220823 20:29:41.147" level="INFO">${RESPOSTA} = &lt;Response [200]&gt;</msg>
<status status="PASS" starttime="20220823 20:29:41.147" endtime="20220823 20:29:41.147"/>
</kw>
<status status="PASS" starttime="20220823 20:29:41.005" endtime="20220823 20:29:41.148"/>
</kw>
<kw name="Conferir status code" library="Resources">
<arg>200</arg>
<kw name="Should Be Equal As Strings" library="BuiltIn">
<arg>${RESPOSTA.status_code}</arg>
<arg>${STATUSCODE_DESEJADO}</arg>
<doc>Fails if objects are unequal after converting them to strings.</doc>
<msg timestamp="20220823 20:29:41.149" level="INFO">Argument types are:
&lt;class 'int'&gt;
&lt;class 'str'&gt;</msg>
<status status="PASS" starttime="20220823 20:29:41.149" endtime="20220823 20:29:41.149"/>
</kw>
<status status="PASS" starttime="20220823 20:29:41.148" endtime="20220823 20:29:41.149"/>
</kw>
<status status="PASS" starttime="20220823 20:29:41.004" endtime="20220823 20:29:41.150"/>
</test>
<test id="s1-t3" name="Excluir um Pet" line="14">
<kw name="Delete Pet" library="Resources">
<kw name="DELETE On Session" library="RequestsLibrary">
<var>${RESPOSTA}</var>
<arg>apipets</arg>
<arg>${URL_API}pet/6667</arg>
<doc>Sends a DELETE request on a previously created HTTP Session.</doc>
<msg timestamp="20220823 20:29:41.289" level="INFO">DELETE Request : url=https://petstore.swagger.io/v2/pet/6667 
 path_url=/v2/pet/6667 
 headers={'User-Agent': 'python-requests/2.28.1', 'Accept-Encoding': 'gzip, deflate', 'Accept': '*/*', 'Connection': 'keep-alive', 'Content-Length': '0'} 
 body=None 
 </msg>
<msg timestamp="20220823 20:29:41.289" level="INFO">DELETE Response : url=https://petstore.swagger.io/v2/pet/6667 
 status=200, reason=OK 
 headers={'Date': 'Tue, 23 Aug 2022 23:29:41 GMT', 'Content-Type': 'application/json', 'Transfer-Encoding': 'chunked', 'Connection': 'keep-alive', 'Access-Control-Allow-Origin': '*', 'Access-Control-Allow-Methods': 'GET, POST, DELETE, PUT', 'Access-Control-Allow-Headers': 'Content-Type, api_key, Authorization', 'Server': 'Jetty(9.2.9.v20150224)'} 
 body={"code":200,"type":"unknown","message":"6667"} 
 </msg>
<msg timestamp="20220823 20:29:41.289" level="INFO">C:\Users\paula.bastos\AppData\Local\Programs\Python\Python310\lib\site-packages\urllib3\connectionpool.py:1045: InsecureRequestWarning: Unverified HTTPS request is being made to host 'petstore.swagger.io'. Adding certificate verification is strongly advised. See: https://urllib3.readthedocs.io/en/1.26.x/advanced-usage.html#ssl-warnings
  warnings.warn(</msg>
<msg timestamp="20220823 20:29:41.291" level="INFO">${RESPOSTA} = &lt;Response [200]&gt;</msg>
<status status="PASS" starttime="20220823 20:29:41.152" endtime="20220823 20:29:41.291"/>
</kw>
<kw name="Log" library="BuiltIn">
<arg>${RESPOSTA.status_code}</arg>
<doc>Logs the given message with the given level.</doc>
<msg timestamp="20220823 20:29:41.293" level="INFO">200</msg>
<status status="PASS" starttime="20220823 20:29:41.291" endtime="20220823 20:29:41.293"/>
</kw>
<kw name="Set Test Variable" library="BuiltIn">
<arg>${RESPOSTA}</arg>
<doc>Makes a variable available everywhere within the scope of the current test.</doc>
<msg timestamp="20220823 20:29:41.294" level="INFO">${RESPOSTA} = &lt;Response [200]&gt;</msg>
<status status="PASS" starttime="20220823 20:29:41.293" endtime="20220823 20:29:41.294"/>
</kw>
<status status="PASS" starttime="20220823 20:29:41.152" endtime="20220823 20:29:41.294"/>
</kw>
<kw name="Conferir status code" library="Resources">
<arg>200</arg>
<kw name="Should Be Equal As Strings" library="BuiltIn">
<arg>${RESPOSTA.status_code}</arg>
<arg>${STATUSCODE_DESEJADO}</arg>
<doc>Fails if objects are unequal after converting them to strings.</doc>
<msg timestamp="20220823 20:29:41.298" level="INFO">Argument types are:
&lt;class 'int'&gt;
&lt;class 'str'&gt;</msg>
<status status="PASS" starttime="20220823 20:29:41.296" endtime="20220823 20:29:41.298"/>
</kw>
<status status="PASS" starttime="20220823 20:29:41.296" endtime="20220823 20:29:41.298"/>
</kw>
<status status="PASS" starttime="20220823 20:29:41.151" endtime="20220823 20:29:41.299"/>
</test>
<doc>Documentação API: https://petstore.swagger.io/</doc>
<status status="PASS" starttime="20220823 20:29:40.207" endtime="20220823 20:29:41.301"/>
</suite>
<statistics>
<total>
<stat pass="3" fail="0" skip="0">All Tests</stat>
</total>
<tag>
</tag>
<suite>
<stat pass="3" fail="0" skip="0" id="s1" name="Testes">Testes</stat>
</suite>
</statistics>
<errors>
</errors>
</robot>
